
> freecloud-blog@1.0.0 build
> next build

Ôû▓ Next.js 16.1.6 (Turbopack)
- Environments: .env.local

  Creating an optimized production build ...

> Build error occurred
Error: Turbopack build failed with 1 errors:
./app/globals.css
Error evaluating Node.js code
CssSyntaxError: E:\FREECLOUD\FREECLOUD-IA\PROYECTOS\freecloud\app\globals.css:155:5: The `ease-[cubic-bezier(0.4,0,0.2,1)]` class does not exist. If `ease-[cubic-bezier(0.4,0,0.2,1)]` is a custom class, make sure it is defined within a `@layer` directive.
    at Input.error (node_modules/postcss/lib/input.js:135:16) [E:\FREECLOUD\FREECLOUD-IA\PROYECTOS\freecloud\.next\build\chunks\node_modules_fe693df6._.js:4651:22]
    at AtRule.error (node_modules/postcss/lib/node.js:146:32) [E:\FREECLOUD\FREECLOUD-IA\PROYECTOS\freecloud\.next\build\chunks\node_modules_fe693df6._.js:928:38]
    [at processApply (E:\FREECLOUD\FREECLOUD-IA\PROYECTOS\freecloud\node_modules\tailwindcss\lib\lib\expandApplyAtRules.js:380:29)]
    [at E:\FREECLOUD\FREECLOUD-IA\PROYECTOS\freecloud\node_modules\tailwindcss\lib\lib\expandApplyAtRules.js:551:9]
    [at E:\FREECLOUD\FREECLOUD-IA\PROYECTOS\freecloud\node_modules\tailwindcss\lib\processTailwindFeatures.js:55:50]
    [at async plugins (E:\FREECLOUD\FREECLOUD-IA\PROYECTOS\freecloud\node_modules\tailwindcss\lib\plugin.js:38:17)]
    at async LazyResult.runAsync (node_modules/postcss/lib/lazy-result.js:293:11) [E:\FREECLOUD\FREECLOUD-IA\PROYECTOS\freecloud\.next\build\chunks\node_modules_fe693df6._.js:6206:21]
    at async transform (turbopack:///[turbopack-node]/transforms/postcss.ts:70:34) [E:\FREECLOUD\FREECLOUD-IA\PROYECTOS\freecloud\.next\build\chunks\[root-of-the-server]__51225daf._.js:147:36]
    at async run (turbopack:///[turbopack-node]/ipc/evaluate.ts:92:23) [E:\FREECLOUD\FREECLOUD-IA\PROYECTOS\freecloud\.next\build\chunks\[root-of-the-server]__974941ed._.js:443:31]

Import trace:
  Client Component Browser:
    ./app/globals.css [Client Component Browser]
    ./app/layout.tsx [Server Component]


    at async transform (turbopack:///[turbopack-node]/transforms/postcss.ts:70:34) [E:\FREECLOUD\FREECLOUD-IA\PROYECTOS\freecloud\.next\build\chunks\[root-of-the-server]__51225daf._.js:147:36])
    at async run (turbopack:///[turbopack-node]/ipc/evaluate.ts:92:23) [E:\FREECLOUD\FREECLOUD-IA\PROYECTOS\freecloud\.next\build\chunks\[root-of-the-server]__974941ed._.js:443:31])
