ÔÜá Prerendering is running in debug mode. Note: This may affect performance and should not be used for production.
Ôû▓ Next.js 16.1.6 (Turbopack, Cache Components)
- Environments: .env.local, .env
- Experiments (use with caution):
  ┬À optimizePackageImports
  Ô¿» prerenderEarlyExit (disabled by `--debug-prerender`)
  Ô£ô serverSourceMaps (enabled by `--debug-prerender`)
  Ô¿» turbopackMinify (disabled by `--debug-prerender`)

  Creating an optimized production build ...
Ô£ô Compiled successfully in 6.0s
  Running TypeScript ...
  Collecting page data using 11 workers ...
  Generating static pages using 11 workers (0/34) ...
Ô¿» Error: Route /blog used `searchParams` inside "use cache". Accessing dynamic request data inside a cache scope is not supported. If you need some search params inside a cached function await `searchParams` outside of the cached function and pass only the required search params as arguments to the cached function. See more info here: https://nextjs.org/docs/messages/next-request-in-use-cache
    at BlogPage (app\(main)\blog\page.tsx:21:33)
  19 | export default async function BlogPage({ searchParams }: Props) {
  20 |   "use cache";
> 21 |   const { cat: categorySlug } = await searchParams;
     |                                 ^
  22 |
  23 |   // Parallel fetch ÔÇö evita waterfall de 2 round-trips seguidos a Supabase
  24 |   const [dbCategories, { posts: allPosts }] = await Promise.all([ {
  digest: '902867041@E842'
}
Error: Route /blog used `searchParams` inside "use cache". Accessing dynamic request data inside a cache scope is not supported. If you need some search params inside a cached function await `searchParams` outside of the cached function and pass only the required search params as arguments to the cached function. See more info here: https://nextjs.org/docs/messages/next-request-in-use-cache
    at BlogPage (app\(main)\blog\page.tsx:21:33)
  19 | export default async function BlogPage({ searchParams }: Props) {
  20 |   "use cache";
> 21 |   const { cat: categorySlug } = await searchParams;
     |                                 ^
  22 |
  23 |   // Parallel fetch ÔÇö evita waterfall de 2 round-trips seguidos a Supabase
  24 |   const [dbCategories, { posts: allPosts }] = await Promise.all([ {
  digest: '902867041@E842'
}
To get a more detailed stack trace and pinpoint the issue, start the app in development mode by running `next dev`, then open "/blog" in your browser to investigate the error.
Error occurred prerendering page "/blog". Read more: https://nextjs.org/docs/messages/prerender-error
Error: Route "/blog/[slug]": Uncached data was accessed outside of <Suspense>. This delays the entire page from rendering, resulting in a slow user experience. Learn more: https://nextjs.org/docs/messages/blocking-route
    at main (<anonymous>)
    at ScrollRevealProvider (components\ScrollRevealProvider.tsx:4:48)
    at body (<anonymous>)
    at html (<anonymous>)
  2 | import { useScrollReveal } from './useScrollReveal';
  3 |
> 4 | export default function ScrollRevealProvider({ children }: { children: React.ReactNode }) {
    |                                                ^
  5 |   useScrollReveal();
  6 |   return <>{children}</>;
  7 | }
To get a more detailed stack trace and pinpoint the issue, start the app in development mode by running `next dev`, then open "/blog/[slug]" in your browser to investigate the error.
Error occurred prerendering page "/blog/norma-e030-fuerza-cortante-basal-calculo". Read more: https://nextjs.org/docs/messages/prerender-error
Error: Route "/blog/[slug]": Uncached data was accessed outside of <Suspense>. This delays the entire page from rendering, resulting in a slow user experience. Learn more: https://nextjs.org/docs/messages/blocking-route
    at main (<anonymous>)
    at ScrollRevealProvider (components\ScrollRevealProvider.tsx:4:48)
    at body (<anonymous>)
    at html (<anonymous>)
  2 | import { useScrollReveal } from './useScrollReveal';
  3 |
> 4 | export default function ScrollRevealProvider({ children }: { children: React.ReactNode }) {
    |                                                ^
  5 |   useScrollReveal();
  6 |   return <>{children}</>;
  7 | }
To get a more detailed stack trace and pinpoint the issue, start the app in development mode by running `next dev`, then open "/blog/[slug]" in your browser to investigate the error.
Error occurred prerendering page "/blog/bim-obligatorio-peru-2026". Read more: https://nextjs.org/docs/messages/prerender-error
Error: Route "/": Uncached data was accessed outside of <Suspense>. This delays the entire page from rendering, resulting in a slow user experience. Learn more: https://nextjs.org/docs/messages/blocking-route
    at main (<anonymous>)
    at ScrollRevealProvider (components\ScrollRevealProvider.tsx:4:48)
    at body (<anonymous>)
    at html (<anonymous>)
  2 | import { useScrollReveal } from './useScrollReveal';
  3 |
> 4 | export default function ScrollRevealProvider({ children }: { children: React.ReactNode }) {
    |                                                ^
  5 |   useScrollReveal();
  6 |   return <>{children}</>;
  7 | }
To get a more detailed stack trace and pinpoint the issue, start the app in development mode by running `next dev`, then open "/" in your browser to investigate the error.
Error occurred prerendering page "/". Read more: https://nextjs.org/docs/messages/prerender-error
Error: Route "/blog/[slug]": Uncached data was accessed outside of <Suspense>. This delays the entire page from rendering, resulting in a slow user experience. Learn more: https://nextjs.org/docs/messages/blocking-route
    at main (<anonymous>)
    at ScrollRevealProvider (components\ScrollRevealProvider.tsx:4:48)
    at body (<anonymous>)
    at html (<anonymous>)
  2 | import { useScrollReveal } from './useScrollReveal';
  3 |
> 4 | export default function ScrollRevealProvider({ children }: { children: React.ReactNode }) {
    |                                                ^
  5 |   useScrollReveal();
  6 |   return <>{children}</>;
  7 | }
To get a more detailed stack trace and pinpoint the issue, start the app in development mode by running `next dev`, then open "/blog/[slug]" in your browser to investigate the error.
Error occurred prerendering page "/blog/predimensionamiento-columnas-vigas-e060-practico". Read more: https://nextjs.org/docs/messages/prerender-error
Error: Route "/admin/categories": Uncached data was accessed outside of <Suspense>. This delays the entire page from rendering, resulting in a slow user experience. Learn more: https://nextjs.org/docs/messages/blocking-route
    at main (<anonymous>)
    at div (<anonymous>)
    at body (<anonymous>)
    at html (<anonymous>)
To get a more detailed stack trace and pinpoint the issue, start the app in development mode by running `next dev`, then open "/admin/categories" in your browser to investigate the error.
Error occurred prerendering page "/admin/categories". Read more: https://nextjs.org/docs/messages/prerender-error
Error: Route "/blog/[slug]": Uncached data was accessed outside of <Suspense>. This delays the entire page from rendering, resulting in a slow user experience. Learn more: https://nextjs.org/docs/messages/blocking-route
    at main (<anonymous>)
    at ScrollRevealProvider (components\ScrollRevealProvider.tsx:4:48)
    at body (<anonymous>)
    at html (<anonymous>)
  2 | import { useScrollReveal } from './useScrollReveal';
  3 |
> 4 | export default function ScrollRevealProvider({ children }: { children: React.ReactNode }) {
    |                                                ^
  5 |   useScrollReveal();
  6 |   return <>{children}</>;
  7 | }
To get a more detailed stack trace and pinpoint the issue, start the app in development mode by running `next dev`, then open "/blog/[slug]" in your browser to investigate the error.
Error occurred prerendering page "/blog/revit-api-python-pyrevit-programacion-bim". Read more: https://nextjs.org/docs/messages/prerender-error
Error: Route "/admin/login": Uncached data was accessed outside of <Suspense>. This delays the entire page from rendering, resulting in a slow user experience. Learn more: https://nextjs.org/docs/messages/blocking-route
    at main (<anonymous>)
    at div (<anonymous>)
    at body (<anonymous>)
    at html (<anonymous>)
To get a more detailed stack trace and pinpoint the issue, start the app in development mode by running `next dev`, then open "/admin/login" in your browser to investigate the error.
Error occurred prerendering page "/admin/login". Read more: https://nextjs.org/docs/messages/prerender-error
Error: Route "/blog/[slug]": Uncached data was accessed outside of <Suspense>. This delays the entire page from rendering, resulting in a slow user experience. Learn more: https://nextjs.org/docs/messages/blocking-route
    at main (<anonymous>)
    at ScrollRevealProvider (components\ScrollRevealProvider.tsx:4:48)
    at body (<anonymous>)
    at html (<anonymous>)
  2 | import { useScrollReveal } from './useScrollReveal';
  3 |
> 4 | export default function ScrollRevealProvider({ children }: { children: React.ReactNode }) {
    |                                                ^
  5 |   useScrollReveal();
  6 |   return <>{children}</>;
  7 | }
To get a more detailed stack trace and pinpoint the issue, start the app in development mode by running `next dev`, then open "/blog/[slug]" in your browser to investigate the error.
Error occurred prerendering page "/blog/excel-plantilla-metrados-obra-automatica". Read more: https://nextjs.org/docs/messages/prerender-error
  Generating static pages using 11 workers (8/34) 
Error: Route "/blog/[slug]": Uncached data was accessed outside of <Suspense>. This delays the entire page from rendering, resulting in a slow user experience. Learn more: https://nextjs.org/docs/messages/blocking-route
    at main (<anonymous>)
    at ScrollRevealProvider (components\ScrollRevealProvider.tsx:4:48)
    at body (<anonymous>)
    at html (<anonymous>)
  2 | import { useScrollReveal } from './useScrollReveal';
  3 |
> 4 | export default function ScrollRevealProvider({ children }: { children: React.ReactNode }) {
    |                                                ^
  5 |   useScrollReveal();
  6 |   return <>{children}</>;
  7 | }
To get a more detailed stack trace and pinpoint the issue, start the app in development mode by running `next dev`, then open "/blog/[slug]" in your browser to investigate the error.
Error occurred prerendering page "/blog/civil-3d-crear-primer-corredor-vial-carreteras". Read more: https://nextjs.org/docs/messages/prerender-error
Error: Route "/admin/posts/[id]/edit": Uncached data was accessed outside of <Suspense>. This delays the entire page from rendering, resulting in a slow user experience. Learn more: https://nextjs.org/docs/messages/blocking-route
    at AdminSidebar (components\admin\Sidebar.tsx:121:33)
    at div (<anonymous>)
    at body (<anonymous>)
    at html (<anonymous>)
  119 |
  120 | export default function AdminSidebar() {
> 121 |     const pathname = usePathname()
      |                                 ^
  122 |
  123 |     if (pathname === '/admin/login') return null
  124 |
To get a more detailed stack trace and pinpoint the issue, start the app in development mode by running `next dev`, then open "/admin/posts/[id]/edit" in your browser to investigate the error.
Error: Route "/blog/[slug]": Uncached data was accessed outside of <Suspense>. This delays the entire page from rendering, resulting in a slow user experience. Learn more: https://nextjs.org/docs/messages/blocking-route
    at main (<anonymous>)
    at ScrollRevealProvider (components\ScrollRevealProvider.tsx:4:48)
    at body (<anonymous>)
    at html (<anonymous>)
  2 | import { useScrollReveal } from './useScrollReveal';
  3 |
> 4 | export default function ScrollRevealProvider({ children }: { children: React.ReactNode }) {
    |                                                ^
  5 |   useScrollReveal();
  6 |   return <>{children}</>;
  7 | }
To get a more detailed stack trace and pinpoint the issue, start the app in development mode by running `next dev`, then open "/blog/[slug]" in your browser to investigate the error.
Error occurred prerendering page "/blog/etabs-vs-robot-structural-comparacion". Read more: https://nextjs.org/docs/messages/prerender-error
Error: Route "/admin/posts/[id]/edit": Uncached data was accessed outside of <Suspense>. This delays the entire page from rendering, resulting in a slow user experience. Learn more: https://nextjs.org/docs/messages/blocking-route
    at main (<anonymous>)
    at div (<anonymous>)
    at body (<anonymous>)
    at html (<anonymous>)
To get a more detailed stack trace and pinpoint the issue, start the app in development mode by running `next dev`, then open "/admin/posts/[id]/edit" in your browser to investigate the error.
Error occurred prerendering page "/admin/posts/[id]/edit". Read more: https://nextjs.org/docs/messages/prerender-error
Error: Route "/blog/[slug]": Uncached data was accessed outside of <Suspense>. This delays the entire page from rendering, resulting in a slow user experience. Learn more: https://nextjs.org/docs/messages/blocking-route
    at main (<anonymous>)
    at ScrollRevealProvider (components\ScrollRevealProvider.tsx:4:48)
    at body (<anonymous>)
    at html (<anonymous>)
  2 | import { useScrollReveal } from './useScrollReveal';
  3 |
> 4 | export default function ScrollRevealProvider({ children }: { children: React.ReactNode }) {
    |                                                ^
  5 |   useScrollReveal();
  6 |   return <>{children}</>;
  7 | }
To get a more detailed stack trace and pinpoint the issue, start the app in development mode by running `next dev`, then open "/blog/[slug]" in your browser to investigate the error.
Error occurred prerendering page "/blog/plan-ejecucion-bim-peb-guia". Read more: https://nextjs.org/docs/messages/prerender-error
Error: Route "/admin/posts/new": Uncached data was accessed outside of <Suspense>. This delays the entire page from rendering, resulting in a slow user experience. Learn more: https://nextjs.org/docs/messages/blocking-route
    at main (<anonymous>)
    at div (<anonymous>)
    at body (<anonymous>)
    at html (<anonymous>)
To get a more detailed stack trace and pinpoint the issue, start the app in development mode by running `next dev`, then open "/admin/posts/new" in your browser to investigate the error.
Error occurred prerendering page "/admin/posts/new". Read more: https://nextjs.org/docs/messages/prerender-error
Error: Route "/blog/[slug]": Uncached data was accessed outside of <Suspense>. This delays the entire page from rendering, resulting in a slow user experience. Learn more: https://nextjs.org/docs/messages/blocking-route
    at main (<anonymous>)
    at ScrollRevealProvider (components\ScrollRevealProvider.tsx:4:48)
    at body (<anonymous>)
    at html (<anonymous>)
  2 | import { useScrollReveal } from './useScrollReveal';
  3 |
> 4 | export default function ScrollRevealProvider({ children }: { children: React.ReactNode }) {
    |                                                ^
  5 |   useScrollReveal();
  6 |   return <>{children}</>;
  7 | }
To get a more detailed stack trace and pinpoint the issue, start the app in development mode by running `next dev`, then open "/blog/[slug]" in your browser to investigate the error.
Error occurred prerendering page "/blog/hardy-cross-hp-prime-programa". Read more: https://nextjs.org/docs/messages/prerender-error
Error: Route "/admin": Uncached data was accessed outside of <Suspense>. This delays the entire page from rendering, resulting in a slow user experience. Learn more: https://nextjs.org/docs/messages/blocking-route
    at main (<anonymous>)
    at div (<anonymous>)
    at body (<anonymous>)
    at html (<anonymous>)
To get a more detailed stack trace and pinpoint the issue, start the app in development mode by running `next dev`, then open "/admin" in your browser to investigate the error.
Error occurred prerendering page "/admin". Read more: https://nextjs.org/docs/messages/prerender-error
Error: Route "/blog/[slug]": Uncached data was accessed outside of <Suspense>. This delays the entire page from rendering, resulting in a slow user experience. Learn more: https://nextjs.org/docs/messages/blocking-route
    at main (<anonymous>)
    at ScrollRevealProvider (components\ScrollRevealProvider.tsx:4:48)
    at body (<anonymous>)
    at html (<anonymous>)
  2 | import { useScrollReveal } from './useScrollReveal';
  3 |
> 4 | export default function ScrollRevealProvider({ children }: { children: React.ReactNode }) {
    |                                                ^
  5 |   useScrollReveal();
  6 |   return <>{children}</>;
  7 | }
To get a more detailed stack trace and pinpoint the issue, start the app in development mode by running `next dev`, then open "/blog/[slug]" in your browser to investigate the error.
Error occurred prerendering page "/blog/dynamo-revit-automatizar-primer-proceso". Read more: https://nextjs.org/docs/messages/prerender-error
Error: Route "/admin/posts": Uncached data was accessed outside of <Suspense>. This delays the entire page from rendering, resulting in a slow user experience. Learn more: https://nextjs.org/docs/messages/blocking-route
    at main (<anonymous>)
    at div (<anonymous>)
    at body (<anonymous>)
    at html (<anonymous>)
To get a more detailed stack trace and pinpoint the issue, start the app in development mode by running `next dev`, then open "/admin/posts" in your browser to investigate the error.
Error occurred prerendering page "/admin/posts". Read more: https://nextjs.org/docs/messages/prerender-error
Error: Route "/blog/[slug]": Uncached data was accessed outside of <Suspense>. This delays the entire page from rendering, resulting in a slow user experience. Learn more: https://nextjs.org/docs/messages/blocking-route
    at main (<anonymous>)
    at ScrollRevealProvider (components\ScrollRevealProvider.tsx:4:48)
    at body (<anonymous>)
    at html (<anonymous>)
  2 | import { useScrollReveal } from './useScrollReveal';
  3 |
> 4 | export default function ScrollRevealProvider({ children }: { children: React.ReactNode }) {
    |                                                ^
  5 |   useScrollReveal();
  6 |   return <>{children}</>;
  7 | }
To get a more detailed stack trace and pinpoint the issue, start the app in development mode by running `next dev`, then open "/blog/[slug]" in your browser to investigate the error.
Error occurred prerendering page "/blog/que-es-bim-obligatorio-peru-2026". Read more: https://nextjs.org/docs/messages/prerender-error
Error: Route "/blog/[slug]": Uncached data was accessed outside of <Suspense>. This delays the entire page from rendering, resulting in a slow user experience. Learn more: https://nextjs.org/docs/messages/blocking-route
    at main (<anonymous>)
    at ScrollRevealProvider (components\ScrollRevealProvider.tsx:4:48)
    at body (<anonymous>)
    at html (<anonymous>)
  2 | import { useScrollReveal } from './useScrollReveal';
  3 |
> 4 | export default function ScrollRevealProvider({ children }: { children: React.ReactNode }) {
    |                                                ^
  5 |   useScrollReveal();
  6 |   return <>{children}</>;
  7 | }
To get a more detailed stack trace and pinpoint the issue, start the app in development mode by running `next dev`, then open "/blog/[slug]" in your browser to investigate the error.
Error occurred prerendering page "/blog/revit-estructuras-ingenieros-autocad". Read more: https://nextjs.org/docs/messages/prerender-error
Error: Route "/blog/[slug]": Uncached data was accessed outside of <Suspense>. This delays the entire page from rendering, resulting in a slow user experience. Learn more: https://nextjs.org/docs/messages/blocking-route
    at main (<anonymous>)
    at ScrollRevealProvider (components\ScrollRevealProvider.tsx:4:48)
    at body (<anonymous>)
    at html (<anonymous>)
  2 | import { useScrollReveal } from './useScrollReveal';
  3 |
> 4 | export default function ScrollRevealProvider({ children }: { children: React.ReactNode }) {
    |                                                ^
  5 |   useScrollReveal();
  6 |   return <>{children}</>;
  7 | }
To get a more detailed stack trace and pinpoint the issue, start the app in development mode by running `next dev`, then open "/blog/[slug]" in your browser to investigate the error.
Error occurred prerendering page "/blog/python-ingenieros-civiles-primer-script". Read more: https://nextjs.org/docs/messages/prerender-error
Error: Route "/blog/[slug]": Uncached data was accessed outside of <Suspense>. This delays the entire page from rendering, resulting in a slow user experience. Learn more: https://nextjs.org/docs/messages/blocking-route
    at main (<anonymous>)
    at ScrollRevealProvider (components\ScrollRevealProvider.tsx:4:48)
    at body (<anonymous>)
    at html (<anonymous>)
  2 | import { useScrollReveal } from './useScrollReveal';
  3 |
> 4 | export default function ScrollRevealProvider({ children }: { children: React.ReactNode }) {
    |                                                ^
  5 |   useScrollReveal();
  6 |   return <>{children}</>;
  7 | }
To get a more detailed stack trace and pinpoint the issue, start the app in development mode by running `next dev`, then open "/blog/[slug]" in your browser to investigate the error.
Error occurred prerendering page "/blog/como-prepararte-bim-6-meses". Read more: https://nextjs.org/docs/messages/prerender-error

> Export encountered errors on following paths:
	/(main)/blog/[slug]/page: /blog/bim-obligatorio-peru-2026
	/(main)/blog/[slug]/page: /blog/civil-3d-crear-primer-corredor-vial-carreteras
	/(main)/blog/[slug]/page: /blog/como-prepararte-bim-6-meses
	/(main)/blog/[slug]/page: /blog/dynamo-revit-automatizar-primer-proceso
	/(main)/blog/[slug]/page: /blog/etabs-vs-robot-structural-comparacion
	/(main)/blog/[slug]/page: /blog/excel-plantilla-metrados-obra-automatica
	/(main)/blog/[slug]/page: /blog/hardy-cross-hp-prime-programa
	/(main)/blog/[slug]/page: /blog/norma-e030-fuerza-cortante-basal-calculo
	/(main)/blog/[slug]/page: /blog/plan-ejecucion-bim-peb-guia
	/(main)/blog/[slug]/page: /blog/predimensionamiento-columnas-vigas-e060-practico
	/(main)/blog/[slug]/page: /blog/python-ingenieros-civiles-primer-script
	/(main)/blog/[slug]/page: /blog/que-es-bim-obligatorio-peru-2026
	/(main)/blog/[slug]/page: /blog/revit-api-python-pyrevit-programacion-bim
	/(main)/blog/[slug]/page: /blog/revit-estructuras-ingenieros-autocad
	/(main)/blog/page: /blog
	/(main)/page: /
	/admin/categories/page: /admin/categories
	/admin/login/page: /admin/login
	/admin/page: /admin
	/admin/posts/[id]/edit/page: /admin/posts/[id]/edit
	/admin/posts/new/page: /admin/posts/new
	/admin/posts/page: /admin/posts
